OMP: Warning #181: GOMP_CPU_AFFINITY: ignored because KMP_AFFINITY has been defined
OMP: Info #204: KMP_AFFINITY: decoding x2APIC ids.
OMP: Info #202: KMP_AFFINITY: Affinity capable, using global cpuid leaf 11 info
OMP: Info #154: KMP_AFFINITY: Initial OS proc set respected: {0,1,2,3,4,5,6,7,8,9,10,11,12,13,14,15,16,17,18,19,20,21,22,23,24,25,26,27,28,29,30,31,32,33,34,35,36,37,38,39,40,41,42,43,44,45,46,47,48,49,50,51,52,53,54,55}
OMP: Info #156: KMP_AFFINITY: 56 available OS procs
OMP: Info #157: KMP_AFFINITY: Uniform topology
OMP: Info #179: KMP_AFFINITY: 2 packages x 14 cores/pkg x 2 threads/core (28 total cores)
OMP: Info #206: KMP_AFFINITY: OS proc to physical thread map:
OMP: Info #171: KMP_AFFINITY: OS proc 0 maps to package 0 core 0 thread 0 
OMP: Info #171: KMP_AFFINITY: OS proc 28 maps to package 0 core 0 thread 1 
OMP: Info #171: KMP_AFFINITY: OS proc 1 maps to package 0 core 1 thread 0 
OMP: Info #171: KMP_AFFINITY: OS proc 29 maps to package 0 core 1 thread 1 
OMP: Info #171: KMP_AFFINITY: OS proc 2 maps to package 0 core 2 thread 0 
OMP: Info #171: KMP_AFFINITY: OS proc 30 maps to package 0 core 2 thread 1 
OMP: Info #171: KMP_AFFINITY: OS proc 3 maps to package 0 core 3 thread 0 
OMP: Info #171: KMP_AFFINITY: OS proc 31 maps to package 0 core 3 thread 1 
OMP: Info #171: KMP_AFFINITY: OS proc 4 maps to package 0 core 4 thread 0 
OMP: Info #171: KMP_AFFINITY: OS proc 32 maps to package 0 core 4 thread 1 
OMP: Info #171: KMP_AFFINITY: OS proc 5 maps to package 0 core 5 thread 0 
OMP: Info #171: KMP_AFFINITY: OS proc 33 maps to package 0 core 5 thread 1 
OMP: Info #171: KMP_AFFINITY: OS proc 6 maps to package 0 core 6 thread 0 
OMP: Info #171: KMP_AFFINITY: OS proc 34 maps to package 0 core 6 thread 1 
OMP: Info #171: KMP_AFFINITY: OS proc 7 maps to package 0 core 8 thread 0 
OMP: Info #171: KMP_AFFINITY: OS proc 35 maps to package 0 core 8 thread 1 
OMP: Info #171: KMP_AFFINITY: OS proc 8 maps to package 0 core 9 thread 0 
OMP: Info #171: KMP_AFFINITY: OS proc 36 maps to package 0 core 9 thread 1 
OMP: Info #171: KMP_AFFINITY: OS proc 9 maps to package 0 core 10 thread 0 
OMP: Info #171: KMP_AFFINITY: OS proc 37 maps to package 0 core 10 thread 1 
OMP: Info #171: KMP_AFFINITY: OS proc 10 maps to package 0 core 11 thread 0 
OMP: Info #171: KMP_AFFINITY: OS proc 38 maps to package 0 core 11 thread 1 
OMP: Info #171: KMP_AFFINITY: OS proc 11 maps to package 0 core 12 thread 0 
OMP: Info #171: KMP_AFFINITY: OS proc 39 maps to package 0 core 12 thread 1 
OMP: Info #171: KMP_AFFINITY: OS proc 12 maps to package 0 core 13 thread 0 
OMP: Info #171: KMP_AFFINITY: OS proc 40 maps to package 0 core 13 thread 1 
OMP: Info #171: KMP_AFFINITY: OS proc 13 maps to package 0 core 14 thread 0 
OMP: Info #171: KMP_AFFINITY: OS proc 41 maps to package 0 core 14 thread 1 
OMP: Info #171: KMP_AFFINITY: OS proc 14 maps to package 1 core 0 thread 0 
OMP: Info #171: KMP_AFFINITY: OS proc 42 maps to package 1 core 0 thread 1 
OMP: Info #171: KMP_AFFINITY: OS proc 15 maps to package 1 core 1 thread 0 
OMP: Info #171: KMP_AFFINITY: OS proc 43 maps to package 1 core 1 thread 1 
OMP: Info #171: KMP_AFFINITY: OS proc 16 maps to package 1 core 2 thread 0 
OMP: Info #171: KMP_AFFINITY: OS proc 44 maps to package 1 core 2 thread 1 
OMP: Info #171: KMP_AFFINITY: OS proc 17 maps to package 1 core 3 thread 0 
OMP: Info #171: KMP_AFFINITY: OS proc 45 maps to package 1 core 3 thread 1 
OMP: Info #171: KMP_AFFINITY: OS proc 18 maps to package 1 core 4 thread 0 
OMP: Info #171: KMP_AFFINITY: OS proc 46 maps to package 1 core 4 thread 1 
OMP: Info #171: KMP_AFFINITY: OS proc 19 maps to package 1 core 5 thread 0 
OMP: Info #171: KMP_AFFINITY: OS proc 47 maps to package 1 core 5 thread 1 
OMP: Info #171: KMP_AFFINITY: OS proc 20 maps to package 1 core 6 thread 0 
OMP: Info #171: KMP_AFFINITY: OS proc 48 maps to package 1 core 6 thread 1 
OMP: Info #171: KMP_AFFINITY: OS proc 21 maps to package 1 core 8 thread 0 
OMP: Info #171: KMP_AFFINITY: OS proc 49 maps to package 1 core 8 thread 1 
OMP: Info #171: KMP_AFFINITY: OS proc 22 maps to package 1 core 9 thread 0 
OMP: Info #171: KMP_AFFINITY: OS proc 50 maps to package 1 core 9 thread 1 
OMP: Info #171: KMP_AFFINITY: OS proc 23 maps to package 1 core 10 thread 0 
OMP: Info #171: KMP_AFFINITY: OS proc 51 maps to package 1 core 10 thread 1 
OMP: Info #171: KMP_AFFINITY: OS proc 24 maps to package 1 core 11 thread 0 
OMP: Info #171: KMP_AFFINITY: OS proc 52 maps to package 1 core 11 thread 1 
OMP: Info #171: KMP_AFFINITY: OS proc 25 maps to package 1 core 12 thread 0 
OMP: Info #171: KMP_AFFINITY: OS proc 53 maps to package 1 core 12 thread 1 
OMP: Info #171: KMP_AFFINITY: OS proc 26 maps to package 1 core 13 thread 0 
OMP: Info #171: KMP_AFFINITY: OS proc 54 maps to package 1 core 13 thread 1 
OMP: Info #171: KMP_AFFINITY: OS proc 27 maps to package 1 core 14 thread 0 
OMP: Info #171: KMP_AFFINITY: OS proc 55 maps to package 1 core 14 thread 1 
OMP: Info #147: KMP_AFFINITY: Internal thread 0 bound to OS proc set {1}
Read 500000 events for file data1M.dat...

# Events =    500000

Runs the algorithm with `OpenMP'

cB1y = -27.817100 --> -35.370995
coeff1B1x = -0.315600 --> -0.153510
muA1x = -0.001800 --> 0.005812
muA1y = 5.279800 --> 5.274928
muA1z = -0.551800 --> -0.612583
muB1z = -1.135200 --> -1.330654
nA = 10.000000 --> 387975.456659
nB = 40.000000 --> 108771.114377
nC = 30.000000 --> 430997.526273
nD = 10.000000 --> 299691.375578
nE = 10.000000 --> 245150.496718
sigmaA1x = 0.015120 --> 0.089427
sigmaA1y = 0.002640 --> 0.003836
sigmaA1z = 0.331400 --> 0.993726
sigmaLB1z = 0.332100 --> 0.777661
sigmaRB1z = 0.444100 --> 0.044493
# Total Parameters = 54
cB1y = -35.370995 +/- 0.001000 {-40.000000, -10.000000}
coeff1B1x = -0.153510 +/- 0.001000 {-1.000000, 1.000000}
muA1x = 0.005812 +/- 0.001000 {-0.010000, 0.010000}
muA1y = 5.274928 +/- 0.001000 {5.270000, 5.290000}
muA1z = -0.612583 +/- 0.001000 {-1.000000, 1.000000}
muB1z = -1.330654 +/- 0.001000 {-1.500000, -0.500000}
nA = 387975.456659 +/- 1.000000 {0.000000, 500000.000000}
nB = 108771.114377 +/- 1.000000 {0.000000, 500000.000000}
nC = 430997.526273 +/- 1.000000 {0.000000, 500000.000000}
nD = 299691.375578 +/- 1.000000 {0.000000, 500000.000000}
nE = 245150.496718 +/- 1.000000 {0.000000, 500000.000000}
sigmaA1x = 0.089427 +/- 0.001000 {0.000000, 0.100000}
sigmaA1y = 0.003836 +/- 0.001000 {0.000000, 0.010000}
sigmaA1z = 0.993726 +/- 0.001000 {0.000000, 1.000000}
sigmaLB1z = 0.777661 +/- 0.001000 {0.000000, 1.000000}
sigmaRB1z = 0.044493 +/- 0.001000 {0.000000, 1.000000}
# Float Parameters = 16

OpenMP Result = 0.0000000000
OpenMP Real Time (s) = 0.00008


