This file contains any messages produced by compilers while
running configure, to aid debugging if configure makes a mistake.

It was created by configure, which was
generated by GNU Autoconf 2.63.  Invocation command line was

  $ ./configure --prefix=/home/intel/MLfit/Minuit2.src/minuit2 --disable-openmp CXXFLAGS=-O2 -m64 -Wall -no-vec -DWARNINGMSG CXX=icpc CC=icc

## --------- ##
## Platform. ##
## --------- ##

hostname = opladev42
uname -m = x86_64
uname -r = 2.6.32-358.el6.x86_64
uname -s = Linux
uname -v = #1 SMP Tue Jan 29 11:47:41 EST 2013

/usr/bin/uname -p = unknown
/bin/uname -X     = unknown

/bin/arch              = x86_64
/usr/bin/arch -k       = unknown
/usr/convex/getsysinfo = unknown
/usr/bin/hostinfo      = unknown
/bin/machine           = unknown
/usr/bin/oslevel       = unknown
/bin/universe          = unknown

PATH: /oplashare/sw/linux/x86_64/intel/xe2013/impi/4.1.0.030/intel64/bin
PATH: /oplashare/sw/linux/x86_64/intel/xe2013/itac/8.1.1.027/intel64/bin
PATH: /oplashare/sw/linux/x86_64/intel/xe2013/vtune_amplifier_xe_2013/bin64
PATH: /oplashare/sw/linux/x86_64/intel/xe2013/inspector_xe_2013/bin64
PATH: /oplashare/sw/linux/x86_64/intel/xe2013/composer_xe_2013_sp1.1.106/bin/intel64
PATH: /oplashare/sw/linux/x86_64/intel/xe2013/composer_xe_2013_sp1.1.106/mpirt/bin/intel64
PATH: /oplashare/sw/linux/x86_64/intel/xe2013/composer_xe_2013_sp1.1.106/debugger/gdb/intel64_mic/py26/bin
PATH: /oplashare/sw/linux/x86_64/intel/xe2013/composer_xe_2013_sp1.1.106/debugger/gdb/intel64/py26/bin
PATH: /oplashare/sw/linux/x86_64/intel/xe2013/composer_xe_2013_sp1.1.106/bin/intel64
PATH: /oplashare/sw/linux/x86_64/intel/xe2013/composer_xe_2013_sp1.1.106/bin/intel64_mic
PATH: /oplashare/sw/linux/x86_64/intel/xe2013/composer_xe_2013_sp1.1.106/debugger/gui/intel64
PATH: /oplashare/sw/linux/x86_64/intel/xe2013/composer_xe_2013_sp1.1.106/bin/intel64
PATH: /oplashare/sw/linux/x86_64/intel/xe2013/composer_xe_2013_sp1.1.106/mpirt/bin/intel64
PATH: /oplashare/sw/linux/x86_64/intel/xe2013/composer_xe_2013_sp1.1.106/debugger/gdb/intel64_mic/py26/bin
PATH: /oplashare/sw/linux/x86_64/intel/xe2013/composer_xe_2013_sp1.1.106/debugger/gdb/intel64/py26/bin
PATH: /oplashare/sw/linux/x86_64/intel/xe2013/composer_xe_2013_sp1.1.106/bin/intel64
PATH: /oplashare/sw/linux/x86_64/intel/xe2013/composer_xe_2013_sp1.1.106/bin/intel64_mic
PATH: /oplashare/sw/linux/x86_64/intel/xe2013/composer_xe_2013_sp1.1.106/debugger/gui/intel64
PATH: /usr/lib64/qt-3.3/bin
PATH: /usr/local/bin
PATH: /bin
PATH: /usr/bin
PATH: /usr/local/sbin
PATH: /usr/sbin
PATH: /sbin
PATH: /home/intel/bin


## ----------- ##
## Core tests. ##
## ----------- ##

configure:2077: checking for a BSD-compatible install
configure:2145: result: /usr/bin/install -c
configure:2156: checking whether build environment is sane
configure:2216: result: yes
configure:2357: checking for a thread-safe mkdir -p
configure:2396: result: /bin/mkdir -p
configure:2409: checking for gawk
configure:2425: found /bin/gawk
configure:2436: result: gawk
configure:2447: checking whether make sets $(MAKE)
configure:2469: result: yes
configure:2600: checking for gcc
configure:2627: result: icc
configure:2859: checking for C compiler version
configure:2867: icc --version >&5
icc (ICC) 14.0.1 20131008
Copyright (C) 1985-2013 Intel Corporation.  All rights reserved.

configure:2871: $? = 0
configure:2878: icc -v >&5
icc version 14.0.1 (gcc version 4.4.7 compatibility)
configure:2882: $? = 0
configure:2889: icc -V >&5
Intel(R) C Intel(R) 64 Compiler XE for applications running on Intel(R) 64, Version 14.0.1.106 Build 20131008
Copyright (C) 1985-2013 Intel Corporation.  All rights reserved.

configure:2893: $? = 0
configure:2916: checking for C compiler default output file name
configure:2938: icc    conftest.c  >&5
configure:2942: $? = 0
configure:2980: result: a.out
configure:2999: checking whether the C compiler works
configure:3009: ./a.out
configure:3013: $? = 0
configure:3032: result: yes
configure:3039: checking whether we are cross compiling
configure:3041: result: no
configure:3044: checking for suffix of executables
configure:3051: icc -o conftest    conftest.c  >&5
configure:3055: $? = 0
configure:3081: result: 
configure:3087: checking for suffix of object files
configure:3113: icc -c   conftest.c >&5
configure:3117: $? = 0
configure:3142: result: o
configure:3146: checking whether we are using the GNU C compiler
configure:3175: icc -c   conftest.c >&5
configure:3182: $? = 0
configure:3199: result: yes
configure:3208: checking whether icc accepts -g
configure:3238: icc -c -g  conftest.c >&5
configure:3245: $? = 0
configure:3346: result: yes
configure:3363: checking for icc option to accept ISO C89
configure:3437: icc  -c -g -O2  conftest.c >&5
configure:3444: $? = 0
configure:3467: result: none needed
configure:3496: checking for style of include used by make
configure:3524: result: GNU
configure:3549: checking dependency style of icc
configure:3659: result: gcc3
configure:3786: checking for C++ compiler version
configure:3794: icpc --version >&5
icpc (ICC) 14.0.1 20131008
Copyright (C) 1985-2013 Intel Corporation.  All rights reserved.

configure:3798: $? = 0
configure:3805: icpc -v >&5
icpc version 14.0.1 (gcc version 4.4.7 compatibility)
configure:3809: $? = 0
configure:3816: icpc -V >&5
Intel(R) C++ Intel(R) 64 Compiler XE for applications running on Intel(R) 64, Version 14.0.1.106 Build 20131008
Copyright (C) 1985-2013 Intel Corporation.  All rights reserved.

configure:3820: $? = 0
configure:3823: checking whether we are using the GNU C++ compiler
configure:3852: icpc -c -O2 -m64 -Wall -no-vec -DWARNINGMSG  conftest.cpp >&5
configure:3859: $? = 0
configure:3876: result: yes
configure:3885: checking whether icpc accepts -g
configure:3915: icpc -c -g  conftest.cpp >&5
configure:3922: $? = 0
configure:4023: result: yes
configure:4048: checking dependency style of icpc
configure:4158: result: gcc3
configure:4214: checking build system type
configure:4232: result: x86_64-unknown-linux-gnu
configure:4254: checking host system type
configure:4269: result: x86_64-unknown-linux-gnu
configure:4291: checking for a sed that does not truncate output
configure:4357: result: /bin/sed
configure:4375: checking for grep that handles long lines and -e
configure:4435: result: /bin/grep
configure:4440: checking for egrep
configure:4504: result: /bin/grep -E
configure:4509: checking for fgrep
configure:4573: result: /bin/grep -F
configure:4608: checking for ld used by icpc
configure:4675: result: /usr/bin/ld
configure:4684: checking if the linker (/usr/bin/ld) is GNU ld
configure:4699: result: yes
configure:4711: checking for BSD- or MS-compatible name lister (nm)
configure:4760: result: /usr/bin/nm -B
configure:4878: checking the name lister (/usr/bin/nm -B) interface
configure:4885: icpc -c -O2 -m64 -Wall -no-vec -DWARNINGMSG  conftest.cpp >&5
configure:4888: /usr/bin/nm -B "conftest.o"
configure:4891: output
0000000000000000 B some_variable
configure:4898: result: BSD nm
configure:4901: checking whether ln -s works
configure:4905: result: yes
configure:4913: checking the maximum length of command line arguments
configure:5033: result: 1966080
configure:5050: checking whether the shell understands some XSI constructs
configure:5060: result: yes
configure:5064: checking whether the shell understands "+="
configure:5070: result: yes
configure:5105: checking for /usr/bin/ld option to reload object files
configure:5112: result: -r
configure:5181: checking for objdump
configure:5197: found /usr/bin/objdump
configure:5208: result: objdump
configure:5240: checking how to recognize dependent libraries
configure:5436: result: pass_all
configure:5496: checking for ar
configure:5512: found /usr/bin/ar
configure:5523: result: ar
configure:5601: checking for strip
configure:5617: found /usr/bin/strip
configure:5628: result: strip
configure:5700: checking for ranlib
configure:5716: found /usr/bin/ranlib
configure:5727: result: ranlib
configure:5817: checking command to parse /usr/bin/nm -B output from icpc object
configure:5935: icpc -c -O2 -m64 -Wall -no-vec -DWARNINGMSG  conftest.cpp >&5
configure:5938: $? = 0
configure:5942: /usr/bin/nm -B conftest.o \| sed -n -e 's/^.*[	 ]\([ABCDGIRSTW][ABCDGIRSTW]*\)[	 ][	 ]*\([_A-Za-z][_A-Za-z0-9]*\)$/\1 \2 \2/p' \> conftest.nm
configure:5945: $? = 0
configure:5999: icpc -o conftest -O2 -m64 -Wall -no-vec -DWARNINGMSG   conftest.cpp conftstm.o >&5
configure:6002: $? = 0
configure:6040: result: ok
configure:6136: icpc -c -O2 -m64 -Wall -no-vec -DWARNINGMSG  conftest.cpp >&5
configure:6139: $? = 0
configure:6907: checking how to run the C preprocessor
configure:6947: icpc -E  conftest.c
configure:6954: $? = 0
configure:6985: icpc -E  conftest.c
conftest.c(10): error #2379: cannot open source file "ac_nonexistent.h"
  #include <ac_nonexistent.h>
                             ^

configure:6992: $? = 2
configure: failed program was:
| /* confdefs.h.  */
| #define PACKAGE_NAME ""
| #define PACKAGE_TARNAME ""
| #define PACKAGE_VERSION ""
| #define PACKAGE_STRING ""
| #define PACKAGE_BUGREPORT ""
| #define PACKAGE "Minuit2"
| #define VERSION "5.24.00"
| /* end confdefs.h.  */
| #include <ac_nonexistent.h>
configure:7025: result: icpc -E
configure:7054: icpc -E  conftest.c
configure:7061: $? = 0
configure:7092: icpc -E  conftest.c
conftest.c(10): error #2379: cannot open source file "ac_nonexistent.h"
  #include <ac_nonexistent.h>
                             ^

configure:7099: $? = 2
configure: failed program was:
| /* confdefs.h.  */
| #define PACKAGE_NAME ""
| #define PACKAGE_TARNAME ""
| #define PACKAGE_VERSION ""
| #define PACKAGE_STRING ""
| #define PACKAGE_BUGREPORT ""
| #define PACKAGE "Minuit2"
| #define VERSION "5.24.00"
| /* end confdefs.h.  */
| #include <ac_nonexistent.h>
configure:7139: checking for ANSI C header files
configure:7169: icpc -c -g -O2  conftest.c >&5
configure:7176: $? = 0
configure:7275: icpc -o conftest -g -O2   conftest.c  >&5
configure:7279: $? = 0
configure:7285: ./conftest
configure:7289: $? = 0
configure:7307: result: yes
configure:7331: checking for sys/types.h
configure:7352: icpc -c -g -O2  conftest.c >&5
configure:7359: $? = 0
configure:7376: result: yes
configure:7331: checking for sys/stat.h
configure:7352: icpc -c -g -O2  conftest.c >&5
configure:7359: $? = 0
configure:7376: result: yes
configure:7331: checking for stdlib.h
configure:7352: icpc -c -g -O2  conftest.c >&5
configure:7359: $? = 0
configure:7376: result: yes
configure:7331: checking for string.h
configure:7352: icpc -c -g -O2  conftest.c >&5
configure:7359: $? = 0
configure:7376: result: yes
configure:7331: checking for memory.h
configure:7352: icpc -c -g -O2  conftest.c >&5
configure:7359: $? = 0
configure:7376: result: yes
configure:7331: checking for strings.h
configure:7352: icpc -c -g -O2  conftest.c >&5
configure:7359: $? = 0
configure:7376: result: yes
configure:7331: checking for inttypes.h
configure:7352: icpc -c -g -O2  conftest.c >&5
configure:7359: $? = 0
configure:7376: result: yes
configure:7331: checking for stdint.h
configure:7352: icpc -c -g -O2  conftest.c >&5
configure:7359: $? = 0
configure:7376: result: yes
configure:7331: checking for unistd.h
configure:7352: icpc -c -g -O2  conftest.c >&5
configure:7359: $? = 0
configure:7376: result: yes
configure:7394: checking for dlfcn.h
configure:7415: icpc -c -g -O2  conftest.c >&5
configure:7422: $? = 0
configure:7439: result: yes
configure:7566: checking for C++ compiler version
configure:7574: icpc --version >&5
icpc (ICC) 14.0.1 20131008
Copyright (C) 1985-2013 Intel Corporation.  All rights reserved.

configure:7578: $? = 0
configure:7585: icpc -v >&5
icpc version 14.0.1 (gcc version 4.4.7 compatibility)
configure:7589: $? = 0
configure:7596: icpc -V >&5
Intel(R) C++ Intel(R) 64 Compiler XE for applications running on Intel(R) 64, Version 14.0.1.106 Build 20131008
Copyright (C) 1985-2013 Intel Corporation.  All rights reserved.

configure:7600: $? = 0
configure:7603: checking whether we are using the GNU C++ compiler
configure:7656: result: yes
configure:7665: checking whether icpc accepts -g
configure:7803: result: yes
configure:7828: checking dependency style of icpc
configure:7938: result: gcc3
configure:7961: checking how to run the C++ preprocessor
configure:7997: icpc -E  conftest.cpp
configure:8004: $? = 0
configure:8035: icpc -E  conftest.cpp
conftest.cpp(21): error #2379: cannot open source file "ac_nonexistent.h"
  #include <ac_nonexistent.h>
                             ^

configure:8042: $? = 2
configure: failed program was:
| /* confdefs.h.  */
| #define PACKAGE_NAME ""
| #define PACKAGE_TARNAME ""
| #define PACKAGE_VERSION ""
| #define PACKAGE_STRING ""
| #define PACKAGE_BUGREPORT ""
| #define PACKAGE "Minuit2"
| #define VERSION "5.24.00"
| #define STDC_HEADERS 1
| #define HAVE_SYS_TYPES_H 1
| #define HAVE_SYS_STAT_H 1
| #define HAVE_STDLIB_H 1
| #define HAVE_STRING_H 1
| #define HAVE_MEMORY_H 1
| #define HAVE_STRINGS_H 1
| #define HAVE_INTTYPES_H 1
| #define HAVE_STDINT_H 1
| #define HAVE_UNISTD_H 1
| #define HAVE_DLFCN_H 1
| /* end confdefs.h.  */
| #include <ac_nonexistent.h>
configure:8075: result: icpc -E
configure:8104: icpc -E  conftest.cpp
configure:8111: $? = 0
configure:8142: icpc -E  conftest.cpp
conftest.cpp(21): error #2379: cannot open source file "ac_nonexistent.h"
  #include <ac_nonexistent.h>
                             ^

configure:8149: $? = 2
configure: failed program was:
| /* confdefs.h.  */
| #define PACKAGE_NAME ""
| #define PACKAGE_TARNAME ""
| #define PACKAGE_VERSION ""
| #define PACKAGE_STRING ""
| #define PACKAGE_BUGREPORT ""
| #define PACKAGE "Minuit2"
| #define VERSION "5.24.00"
| #define STDC_HEADERS 1
| #define HAVE_SYS_TYPES_H 1
| #define HAVE_SYS_STAT_H 1
| #define HAVE_STDLIB_H 1
| #define HAVE_STRING_H 1
| #define HAVE_MEMORY_H 1
| #define HAVE_STRINGS_H 1
| #define HAVE_INTTYPES_H 1
| #define HAVE_STDINT_H 1
| #define HAVE_UNISTD_H 1
| #define HAVE_DLFCN_H 1
| /* end confdefs.h.  */
| #include <ac_nonexistent.h>
configure:8363: checking for objdir
configure:8378: result: .libs
configure:8670: checking if icpc supports -fno-rtti -fno-exceptions
configure:8688: icpc -c -g -O2  -fno-rtti -fno-exceptions conftest.c >&5
configure:8692: $? = 0
configure:8705: result: yes
configure:8725: checking for icpc option to produce PIC
configure:8997: result: -fPIC -DPIC
configure:9009: checking if icpc PIC flag -fPIC -DPIC works
configure:9027: icpc -c -g -O2  -fPIC -DPIC -DPIC conftest.c >&5
configure:9031: $? = 0
configure:9044: result: yes
configure:9068: checking if icpc static flag -static works
configure:9096: result: no
configure:9111: checking if icpc supports -c -o file.o
configure:9132: icpc -c -g -O2  -o out/conftest2.o conftest.c >&5
configure:9136: $? = 0
configure:9158: result: yes
configure:9166: checking if icpc supports -c -o file.o
configure:9213: result: yes
configure:9246: checking whether the icpc linker (/usr/bin/ld -m elf_x86_64) supports shared libraries
configure:10320: result: yes
configure:10357: checking whether -lc should be explicitly linked in
configure:10362: icpc -c -g -O2  conftest.c >&5
configure:10365: $? = 0
configure:10380: icpc -shared conftest.o  -v -Wl,-soname -Wl,conftest -o conftest 2\>\&1 \| /bin/grep  -lc  \>/dev/null 2\>\&1
configure:10383: $? = 0
configure:10395: result: no
configure:10559: checking dynamic linker characteristics
configure:11002: icpc -o conftest -g -O2   -Wl,-rpath -Wl,/foo conftest.c  >&5
configure:11009: $? = 0
configure:11245: result: GNU/Linux ld.so
configure:11347: checking how to hardcode library paths into programs
configure:11372: result: immediate
configure:12205: checking whether stripping libraries is possible
configure:12210: result: yes
configure:12245: checking if libtool supports shared libraries
configure:12247: result: yes
configure:12250: checking whether to build shared libraries
configure:12271: result: yes
configure:12274: checking whether to build static libraries
configure:12278: result: yes
configure:12428: checking for ld used by icpc
configure:12495: result: /usr/bin/ld -m elf_x86_64
configure:12504: checking if the linker (/usr/bin/ld -m elf_x86_64) is GNU ld
configure:12519: result: yes
configure:12574: checking whether the icpc linker (/usr/bin/ld -m elf_x86_64) supports shared libraries
configure:13549: result: yes
configure:13577: icpc -c -O2 -m64 -Wall -no-vec -DWARNINGMSG  conftest.cpp >&5
configure:13580: $? = 0
configure:13762: checking for icpc option to produce PIC
configure:14079: result: -fPIC -DPIC
configure:14088: checking if icpc PIC flag -fPIC -DPIC works
configure:14106: icpc -c -O2 -m64 -Wall -no-vec -DWARNINGMSG  -fPIC -DPIC -DPIC conftest.cpp >&5
configure:14110: $? = 0
configure:14123: result: yes
configure:14144: checking if icpc static flag -static works
configure:14172: result: no
configure:14184: checking if icpc supports -c -o file.o
configure:14205: icpc -c -O2 -m64 -Wall -no-vec -DWARNINGMSG  -o out/conftest2.o conftest.cpp >&5
configure:14209: $? = 0
configure:14231: result: yes
configure:14236: checking if icpc supports -c -o file.o
configure:14283: result: yes
configure:14313: checking whether the icpc linker (/usr/bin/ld -m elf_x86_64) supports shared libraries
configure:14339: result: yes
configure:14476: checking dynamic linker characteristics
configure:14867: icpc -o conftest -O2 -m64 -Wall -no-vec -DWARNINGMSG   -Wl,-rpath,/foo conftest.cpp  >&5
configure:14874: $? = 0
configure:15110: result: GNU/Linux ld.so
configure:15161: checking how to hardcode library paths into programs
configure:15186: result: immediate
configure:15247: checking for icpc
configure:15265: found /oplashare/sw/linux/x86_64/intel/xe2013/composer_xe_2013_sp1.1.106/bin/intel64/icpc
configure:15278: result: /oplashare/sw/linux/x86_64/intel/xe2013/composer_xe_2013_sp1.1.106/bin/intel64/icpc
configure:15286: checking standard C++ library path
configure:15289: result: /oplashare/sw/linux/x86_64/intel/xe2013/composer_xe_2013_sp1.1.106/lib/intel64 
configure:15293: checking for main in -lstdc++
configure:15322: icpc -o conftest -O2 -m64 -Wall -no-vec -DWARNINGMSG   conftest.cpp -lstdc++   >&5
configure:15329: $? = 0
configure:15350: result: yes
configure:15360: checking maximum warning verbosity option
configure:15381: result: -Wall for C++ -Wall for C
configure:15389: checking for gmake
configure:15405: found /usr/bin/gmake
configure:15417: result: gmake
configure:15470: checking for ranlib
configure:15497: result: ranlib
configure:15778: creating ./config.status

## ---------------------- ##
## Running config.status. ##
## ---------------------- ##

This file was extended by config.status, which was
generated by GNU Autoconf 2.63.  Invocation command line was

  CONFIG_FILES    = 
  CONFIG_HEADERS  = 
  CONFIG_LINKS    = 
  CONFIG_COMMANDS = 
  $ ./config.status 

on opladev42

config.status:1059: creating Makefile
config.status:1059: creating inc/Makefile
config.status:1059: creating inc/Minuit2/Makefile
config.status:1059: creating inc/Math/Makefile
config.status:1059: creating src/Makefile
config.status:1059: creating doc/Doxyfile
config.status:1059: creating doc/Makefile
config.status:1059: creating test/Makefile
config.status:1059: creating test/MnSim/Makefile
config.status:1059: creating test/MnTutorial/Makefile
config.status:1059: creating config.h
config.status:1281: config.h is unchanged
config.status:1333: executing depfiles commands
config.status:1333: executing libtool commands
configure:18280: result:
    Minuit2 project now configured.


## ---------------- ##
## Cache variables. ##
## ---------------- ##

ac_cv_build=x86_64-unknown-linux-gnu
ac_cv_c_compiler_gnu=yes
ac_cv_cxx_compiler_gnu=yes
ac_cv_env_CCC_set=
ac_cv_env_CCC_value=
ac_cv_env_CC_set=set
ac_cv_env_CC_value=icc
ac_cv_env_CFLAGS_set=
ac_cv_env_CFLAGS_value=
ac_cv_env_CPPFLAGS_set=
ac_cv_env_CPPFLAGS_value=
ac_cv_env_CPP_set=
ac_cv_env_CPP_value=
ac_cv_env_CXXCPP_set=
ac_cv_env_CXXCPP_value=
ac_cv_env_CXXFLAGS_set=set
ac_cv_env_CXXFLAGS_value='-O2 -m64 -Wall -no-vec -DWARNINGMSG'
ac_cv_env_CXX_set=set
ac_cv_env_CXX_value=icpc
ac_cv_env_LDFLAGS_set=
ac_cv_env_LDFLAGS_value=
ac_cv_env_LIBS_set=
ac_cv_env_LIBS_value=
ac_cv_env_build_alias_set=
ac_cv_env_build_alias_value=
ac_cv_env_host_alias_set=
ac_cv_env_host_alias_value=
ac_cv_env_target_alias_set=
ac_cv_env_target_alias_value=
ac_cv_header_dlfcn_h=yes
ac_cv_header_inttypes_h=yes
ac_cv_header_memory_h=yes
ac_cv_header_stdc=yes
ac_cv_header_stdint_h=yes
ac_cv_header_stdlib_h=yes
ac_cv_header_string_h=yes
ac_cv_header_strings_h=yes
ac_cv_header_sys_stat_h=yes
ac_cv_header_sys_types_h=yes
ac_cv_header_unistd_h=yes
ac_cv_host=x86_64-unknown-linux-gnu
ac_cv_lib_stdcpp_main=yes
ac_cv_objext=o
ac_cv_path_EGREP='/bin/grep -E'
ac_cv_path_FGREP='/bin/grep -F'
ac_cv_path_GREP=/bin/grep
ac_cv_path_SED=/bin/sed
ac_cv_path_install='/usr/bin/install -c'
ac_cv_path_mkdir=/bin/mkdir
ac_cv_path_pfk_cxx_lib_path=/oplashare/sw/linux/x86_64/intel/xe2013/composer_xe_2013_sp1.1.106/bin/intel64/icpc
ac_cv_prog_AWK=gawk
ac_cv_prog_CPP='icpc -E'
ac_cv_prog_CXXCPP='icpc -E'
ac_cv_prog_GMAKE=gmake
ac_cv_prog_ac_ct_AR=ar
ac_cv_prog_ac_ct_CC=icc
ac_cv_prog_ac_ct_OBJDUMP=objdump
ac_cv_prog_ac_ct_RANLIB=ranlib
ac_cv_prog_ac_ct_STRIP=strip
ac_cv_prog_cc_c89=
ac_cv_prog_cc_g=yes
ac_cv_prog_cxx_g=yes
ac_cv_prog_make_make_set=yes
am_cv_CC_dependencies_compiler_type=gcc3
am_cv_CXX_dependencies_compiler_type=gcc3
lt_cv_deplibs_check_method=pass_all
lt_cv_file_magic_cmd='$MAGIC_CMD'
lt_cv_file_magic_test_file=
lt_cv_ld_reload_flag=-r
lt_cv_nm_interface='BSD nm'
lt_cv_objdir=.libs
lt_cv_path_LD=/usr/bin/ld
lt_cv_path_LDCXX='/usr/bin/ld -m elf_x86_64'
lt_cv_path_NM='/usr/bin/nm -B'
lt_cv_prog_compiler_c_o=yes
lt_cv_prog_compiler_c_o_CXX=yes
lt_cv_prog_compiler_pic_works=yes
lt_cv_prog_compiler_pic_works_CXX=yes
lt_cv_prog_compiler_rtti_exceptions=yes
lt_cv_prog_compiler_static_works=no
lt_cv_prog_compiler_static_works_CXX=no
lt_cv_prog_gnu_ld=yes
lt_cv_prog_gnu_ldcxx=yes
lt_cv_sys_global_symbol_pipe='sed -n -e '\''s/^.*[	 ]\([ABCDGIRSTW][ABCDGIRSTW]*\)[	 ][	 ]*\([_A-Za-z][_A-Za-z0-9]*\)$/\1 \2 \2/p'\'''
lt_cv_sys_global_symbol_to_c_name_address='sed -n -e '\''s/^: \([^ ]*\) $/  {\"\1\", (void *) 0},/p'\'' -e '\''s/^[ABCDGIRSTW]* \([^ ]*\) \([^ ]*\)$/  {"\2", (void *) \&\2},/p'\'''
lt_cv_sys_global_symbol_to_c_name_address_lib_prefix='sed -n -e '\''s/^: \([^ ]*\) $/  {\"\1\", (void *) 0},/p'\'' -e '\''s/^[ABCDGIRSTW]* \([^ ]*\) \(lib[^ ]*\)$/  {"\2", (void *) \&\2},/p'\'' -e '\''s/^[ABCDGIRSTW]* \([^ ]*\) \([^ ]*\)$/  {"lib\2", (void *) \&\2},/p'\'''
lt_cv_sys_global_symbol_to_cdecl='sed -n -e '\''s/^T .* \(.*\)$/extern int \1();/p'\'' -e '\''s/^[ABCDGIRSTW]* .* \(.*\)$/extern char \1;/p'\'''
lt_cv_sys_max_cmd_len=1966080

## ----------------- ##
## Output variables. ##
## ----------------- ##

ACLOCAL='${SHELL} /home/intel/MLfit/Minuit2.src/minuit2/config/missing --run aclocal-1.11'
AMDEPBACKSLASH='\'
AMDEP_FALSE='#'
AMDEP_TRUE=''
AMTAR='${SHELL} /home/intel/MLfit/Minuit2.src/minuit2/config/missing --run tar'
AR='ar'
AUTOCONF='${SHELL} /home/intel/MLfit/Minuit2.src/minuit2/config/missing --run autoconf'
AUTOHEADER='${SHELL} /home/intel/MLfit/Minuit2.src/minuit2/config/missing --run autoheader'
AUTOMAKE='${SHELL} /home/intel/MLfit/Minuit2.src/minuit2/config/missing --run automake-1.11'
AWK='gawk'
CC='icpc'
CCDEPMODE='depmode=gcc3'
CFLAGS='-g -O2 -Wall '
CPP='icpc -E'
CPPFLAGS=''
CXX='icpc'
CXXCPP='icpc -E'
CXXDEPMODE='depmode=gcc3'
CXXFLAGS='-O2 -m64 -Wall -no-vec -DWARNINGMSG -Wall '
CXX_LIB_PATH='/oplashare/sw/linux/x86_64/intel/xe2013/composer_xe_2013_sp1.1.106/lib/intel64'
CYGPATH_W='echo'
DEFS='-DHAVE_CONFIG_H'
DEPDIR='.deps'
DSYMUTIL=''
DUMPBIN=''
ECHO_C=''
ECHO_N='-n'
ECHO_T=''
EGREP='/bin/grep -E'
EXEEXT=''
FGREP='/bin/grep -F'
GMAKE='gmake'
GREP='/bin/grep'
INSTALL_DATA='${INSTALL} -m 644'
INSTALL_PROGRAM='${INSTALL}'
INSTALL_SCRIPT='${INSTALL}'
INSTALL_STRIP_PROGRAM='$(install_sh) -c -s'
LD='/usr/bin/ld -m elf_x86_64'
LDFLAGS=''
LIBOBJS=''
LIBS=''
LIBSTDCPP='lstdc++'
LIBTOOL='$(SHELL) $(top_builddir)/libtool'
LIPO=''
LN_S='ln -s'
LTLIBOBJS=''
MAKEINFO='${SHELL} /home/intel/MLfit/Minuit2.src/minuit2/config/missing --run makeinfo'
MKDIR_P='/bin/mkdir -p'
NM='/usr/bin/nm -B'
NMEDIT=''
OBJDUMP='objdump'
OBJEXT='o'
OPENMP_CXXFLAGS=''
OTOOL64=''
OTOOL=''
PACKAGE='Minuit2'
PACKAGE_BUGREPORT=''
PACKAGE_NAME=''
PACKAGE_STRING=''
PACKAGE_TARNAME=''
PACKAGE_VERSION=''
PATH_SEPARATOR=':'
RANLIB='ranlib'
SED='/bin/sed'
SET_MAKE=''
SHELL='/bin/sh'
STRIP='strip'
VERSION='5.24.00'
ac_ct_CC='icc'
ac_ct_CXX=''
ac_ct_DUMPBIN=''
am__EXEEXT_FALSE=''
am__EXEEXT_TRUE='#'
am__fastdepCC_FALSE='#'
am__fastdepCC_TRUE=''
am__fastdepCXX_FALSE='#'
am__fastdepCXX_TRUE=''
am__include='include'
am__isrc=''
am__leading_dot='.'
am__quote=''
am__tar='${AMTAR} chof - "$$tardir"'
am__untar='${AMTAR} xf -'
bindir='${exec_prefix}/bin'
build='x86_64-unknown-linux-gnu'
build_alias=''
build_cpu='x86_64'
build_os='linux-gnu'
build_vendor='unknown'
datadir='${datarootdir}'
datarootdir='${prefix}/share'
docdir='${datarootdir}/doc/${PACKAGE}'
dvidir='${docdir}'
exec_prefix='${prefix}'
host='x86_64-unknown-linux-gnu'
host_alias=''
host_cpu='x86_64'
host_os='linux-gnu'
host_vendor='unknown'
htmldir='${docdir}'
includedir='${prefix}/include'
infodir='${datarootdir}/info'
install_sh='${SHELL} /home/intel/MLfit/Minuit2.src/minuit2/config/install-sh'
libdir='${exec_prefix}/lib'
libexecdir='${exec_prefix}/libexec'
localedir='${datarootdir}/locale'
localstatedir='${prefix}/var'
lt_ECHO='echo'
mandir='${datarootdir}/man'
mkdir_p='/bin/mkdir -p'
oldincludedir='/usr/include'
pdfdir='${docdir}'
pfk_cxx_lib_path='/oplashare/sw/linux/x86_64/intel/xe2013/composer_xe_2013_sp1.1.106/bin/intel64/icpc'
prefix='/home/intel/MLfit/Minuit2.src/minuit2'
program_transform_name='s,x,x,'
psdir='${docdir}'
sbindir='${exec_prefix}/sbin'
sharedstatedir='${prefix}/com'
sysconfdir='${prefix}/etc'
target_alias=''

## ----------- ##
## confdefs.h. ##
## ----------- ##

#define PACKAGE_NAME ""
#define PACKAGE_TARNAME ""
#define PACKAGE_VERSION ""
#define PACKAGE_STRING ""
#define PACKAGE_BUGREPORT ""
#define PACKAGE "Minuit2"
#define VERSION "5.24.00"
#define STDC_HEADERS 1
#define HAVE_SYS_TYPES_H 1
#define HAVE_SYS_STAT_H 1
#define HAVE_STDLIB_H 1
#define HAVE_STRING_H 1
#define HAVE_MEMORY_H 1
#define HAVE_STRINGS_H 1
#define HAVE_INTTYPES_H 1
#define HAVE_STDINT_H 1
#define HAVE_UNISTD_H 1
#define HAVE_DLFCN_H 1
#define LT_OBJDIR ".libs/"

configure: exit 0
